生成启动时间为 2016/1/12 14:03:06。
     1>项目“E:\jpeg优化\DEW_OP - SSE\encoder.vcxproj”在节点 2 上(build 个目标)。
     1>InitializeBuildStatus:
         正在创建“.\Debug\encoder.unsuccessfulbuild”，因为已指定“AlwaysCreate”。
       ClCompile:
         所有输出均为最新。
       ManifestResourceCompile:
         所有输出均为最新。
       Link:
         所有输出均为最新。
       Manifest:
         所有输出均为最新。
       BscMake:
         所有输出均为最新。
       FinalizeBuildStatus:
         正在删除文件“.\Debug\encoder.unsuccessfulbuild”。
         正在对“.\Debug\encoder.lastbuildstate”执行 Touch 任务。
     1>已完成生成项目“E:\jpeg优化\DEW_OP - SSE\encoder.vcxproj”(build 个目标)的操作。

生成成功。

已用时间 00:00:00.04
