e:\jpeg优化\dew_op - sse\debug\encoder.bsc
e:\jpeg优化\dew_op - sse\debug\vc140.pdb
e:\jpeg优化\dew_op - sse\debug\vc140.idb
e:\jpeg优化\dew_op - sse\debug\write_jpegstream.sbr
e:\jpeg优化\dew_op - sse\debug\util.sbr
e:\jpeg优化\dew_op - sse\debug\update_qtbl.sbr
e:\jpeg优化\dew_op - sse\debug\fastfdct.sbr
e:\jpeg优化\dew_op - sse\debug\encoder.sbr
e:\jpeg优化\dew_op - sse\debug\encoder.obj
e:\jpeg优化\dew_op - sse\debug\fastfdct.obj
e:\jpeg优化\dew_op - sse\debug\update_qtbl.obj
e:\jpeg优化\dew_op - sse\debug\util.obj
e:\jpeg优化\dew_op - sse\debug\write_jpegstream.obj
e:\jpeg优化\dew_op - sse\debug\encoder.ilk
e:\jpeg优化\dew_op - sse\debug\encoder.exe
e:\jpeg优化\dew_op - sse\debug\encoder.pdb
e:\jpeg优化\dew_op - sse\.\debug\encoder.exe
e:\jpeg优化\dew_op - sse\debug\encoder.tlog\bscmake.command.1.tlog
e:\jpeg优化\dew_op - sse\debug\encoder.tlog\bscmake.read.1.tlog
e:\jpeg优化\dew_op - sse\debug\encoder.tlog\bscmake.write.1.tlog
e:\jpeg优化\dew_op - sse\debug\encoder.tlog\cl.command.1.tlog
e:\jpeg优化\dew_op - sse\debug\encoder.tlog\cl.read.1.tlog
e:\jpeg优化\dew_op - sse\debug\encoder.tlog\cl.write.1.tlog
e:\jpeg优化\dew_op - sse\debug\encoder.tlog\link.command.1.tlog
e:\jpeg优化\dew_op - sse\debug\encoder.tlog\link.read.1.tlog
e:\jpeg优化\dew_op - sse\debug\encoder.tlog\link.write.1.tlog
